[debug] [2021-06-16T13:26:00.627Z] ----------------------------------------------------------------------
[debug] [2021-06-16T13:26:00.629Z] Command:       /usr/local/bin/node /usr/local/bin/firebase init
[debug] [2021-06-16T13:26:00.629Z] CLI Version:   9.13.0
[debug] [2021-06-16T13:26:00.629Z] Platform:      darwin
[debug] [2021-06-16T13:26:00.630Z] Node Version:  v14.15.5
[debug] [2021-06-16T13:26:00.631Z] Time:          Wed Jun 16 2021 22:26:00 GMT+0900 (日本標準時)
[debug] [2021-06-16T13:26:00.631Z] ----------------------------------------------------------------------
[debug] 
[debug] [2021-06-16T13:26:00.636Z] > command requires scopes: ["email","openid","https://www.googleapis.com/auth/cloudplatformprojects.readonly","https://www.googleapis.com/auth/firebase","https://www.googleapis.com/auth/cloud-platform"]
[debug] [2021-06-16T13:26:00.636Z] > authorizing via signed-in user (1484syotaro@gmail.com)
[info] 
     ######## #### ########  ######## ########     ###     ######  ########
     ##        ##  ##     ## ##       ##     ##  ##   ##  ##       ##
     ######    ##  ########  ######   ########  #########  ######  ######
     ##        ##  ##    ##  ##       ##     ## ##     ##       ## ##
     ##       #### ##     ## ######## ########  ##     ##  ######  ########

You're about to initialize a Firebase project in this directory:

  /Users/user/Desktop/schoo-close-aniversary/school-close

[info] 
=== Project Setup
[info] 
[info] First, let's associate this project directory with a Firebase project.
[info] You can create multiple project aliases by running firebase use --add, 
[info] but for now we'll just set up a default project.
[info] 
